####################################################################################################
Interval
####################################################################################################
Cumulative:         Cycles:                  20000     Instructions:                  1200
DISPATCHED_INST                                            443261                        443261

DISPATCH_WAIT                                            76716151                       173.072

NUM_NO_FETCH_CYCLES                                             0                             0

AVG_CORE_IDLE_CYCLE                                             0                             0

REEXEC_NUM                                                      0                             0

INV_MATCH_NUM                                                   0                             0

EARLY_PERM_NUM                                                  0                             0

PERM_MATCH_NUM                                                  0                             0

RETIRE_SPECLD_NUM                                               0                             0

RETIRE_SPECST_NUM                                               0                             0

FENCE_HEAD_ROB_WAIT                                             0                             0

NUM_SAMPLES_CORE_0                                        3293468                       3293468

NUM_ACTIVE_BLOCKS_CORE_0                                        0                             0

NUM_ACTIVE_THREADS_CORE_0                                 3293467                             1

NUM_SCHED_IDLE_CYCLE_CORE_0                               1125265                       1125265

NUM_NO_SCHED_CYCLE_CORE_0                                 1986849                       1986849

CORE_DISPATCHED_INST_CORE_0                                443261                        443261

CORE_DISPATCH_WAIT_CORE_0                                76716151                       173.072

CORE_CYCLES_CORE_0                                              0                             0

CORE_SCHED_THREADS_CORE_0                                       0                           NaN

CORE_NUM_NO_FETCH_CYCLES_CORE_0                                 0                             0

CORE_NUM_NO_FETCH_CYCLES_WITH_READY_THREADS_CORE_0                   0                             0

CORE_NUM_FETCH_CYCLES_CORE_0                                    0                             0

CORE_FETCH_DELTA_CORE_0                                         0                           NaN

CORE_NUM_RETIRE_CYCLES_CORE_0                                   0                             0

CORE_RETIRE_DELTA_CORE_0                                        0                           NaN

FENCE_PREF_REQ_CORE_0                                           0                             0

FENCE_WAITING_CORE_0                                            0                             0

DYN_FENCE_NUM_CORE_0                                            0                             0

WB_ORDERING_STALL_CORE_0                                        0                             0

WB_FULL_CORE_0                                                  0                             0

FENCE_TOT_CYCLES_CORE_0                                         0                             0

FENCE_EXEC_CYCLES_CORE_0                                        0                             0

STORE_RES_CORE_0                                         11914947                      11914947

STORE_NUM_CORE_0                                            50708                         50708

STORE_WB_FREE_CORE_0                                            0                             0

SCHED_FAILED_REASON_SUCCESS_CORE_0                         443261                       1.28647%
SCHED_FAILED_OPERANDS_NOT_READY_CORE_0                   33969374                       98.5885%
SCHED_FAILED_NO_AVAILABLE_PORTS_CORE_0                      43100                      0.125088%
SCHED_FAILED_NO_MEM_REQ_SLOTS_CORE_0                            0                             0%
SCHED_FAILED_NO_AVAILABLE_SIMD_UNIT_CORE_0                      0                             0%
SCHED_FAILED_FENCE_ACTIVE_CORE_0                                0                             0%
SCHED_FAILED_MEM_MANAGEMENT_CORE_0                              0                             0%
                                                         34455735                           100%

NUM_SAMPLES_CORE_1                                              0                             0

NUM_ACTIVE_BLOCKS_CORE_1                                        0                           NaN

NUM_ACTIVE_THREADS_CORE_1                                       0                           NaN

NUM_SCHED_IDLE_CYCLE_CORE_1                                     0                             0

NUM_NO_SCHED_CYCLE_CORE_1                                       0                             0

CORE_DISPATCHED_INST_CORE_1                                     0                             0

CORE_DISPATCH_WAIT_CORE_1                                       0                           NaN

CORE_CYCLES_CORE_1                                              0                             0

CORE_SCHED_THREADS_CORE_1                                       0                           NaN

CORE_NUM_NO_FETCH_CYCLES_CORE_1                                 0                             0

CORE_NUM_NO_FETCH_CYCLES_WITH_READY_THREADS_CORE_1                   0                             0

CORE_NUM_FETCH_CYCLES_CORE_1                                    0                             0

CORE_FETCH_DELTA_CORE_1                                         0                           NaN

CORE_NUM_RETIRE_CYCLES_CORE_1                                   0                             0

CORE_RETIRE_DELTA_CORE_1                                        0                           NaN

FENCE_PREF_REQ_CORE_1                                           0                             0

FENCE_WAITING_CORE_1                                            0                             0

DYN_FENCE_NUM_CORE_1                                            0                             0

WB_ORDERING_STALL_CORE_1                                        0                             0

WB_FULL_CORE_1                                                  0                             0

FENCE_TOT_CYCLES_CORE_1                                         0                             0

FENCE_EXEC_CYCLES_CORE_1                                        0                             0

STORE_RES_CORE_1                                                0                             0

STORE_NUM_CORE_1                                                0                             0

STORE_WB_FREE_CORE_1                                            0                             0

SCHED_FAILED_REASON_SUCCESS_CORE_1                              0                          NaN 
SCHED_FAILED_OPERANDS_NOT_READY_CORE_1                          0                          NaN 
SCHED_FAILED_NO_AVAILABLE_PORTS_CORE_1                          0                          NaN 
SCHED_FAILED_NO_MEM_REQ_SLOTS_CORE_1                            0                          NaN 
SCHED_FAILED_NO_AVAILABLE_SIMD_UNIT_CORE_1                      0                          NaN 
SCHED_FAILED_FENCE_ACTIVE_CORE_1                                0                          NaN 
SCHED_FAILED_MEM_MANAGEMENT_CORE_1                              0                          NaN 
                                                                0                           100%

NUM_SAMPLES_CORE_2                                              0                             0

NUM_ACTIVE_BLOCKS_CORE_2                                        0                           NaN

NUM_ACTIVE_THREADS_CORE_2                                       0                           NaN

NUM_SCHED_IDLE_CYCLE_CORE_2                                     0                             0

NUM_NO_SCHED_CYCLE_CORE_2                                       0                             0

CORE_DISPATCHED_INST_CORE_2                                     0                             0

CORE_DISPATCH_WAIT_CORE_2                                       0                           NaN

CORE_CYCLES_CORE_2                                              0                             0

CORE_SCHED_THREADS_CORE_2                                       0                           NaN

CORE_NUM_NO_FETCH_CYCLES_CORE_2                                 0                             0

CORE_NUM_NO_FETCH_CYCLES_WITH_READY_THREADS_CORE_2                   0                             0

CORE_NUM_FETCH_CYCLES_CORE_2                                    0                             0

CORE_FETCH_DELTA_CORE_2                                         0                           NaN

CORE_NUM_RETIRE_CYCLES_CORE_2                                   0                             0

CORE_RETIRE_DELTA_CORE_2                                        0                           NaN

FENCE_PREF_REQ_CORE_2                                           0                             0

FENCE_WAITING_CORE_2                                            0                             0

DYN_FENCE_NUM_CORE_2                                            0                             0

WB_ORDERING_STALL_CORE_2                                        0                             0

WB_FULL_CORE_2                                                  0                             0

FENCE_TOT_CYCLES_CORE_2                                         0                             0

FENCE_EXEC_CYCLES_CORE_2                                        0                             0

STORE_RES_CORE_2                                                0                             0

STORE_NUM_CORE_2                                                0                             0

STORE_WB_FREE_CORE_2                                            0                             0

SCHED_FAILED_REASON_SUCCESS_CORE_2                              0                          NaN 
SCHED_FAILED_OPERANDS_NOT_READY_CORE_2                          0                          NaN 
SCHED_FAILED_NO_AVAILABLE_PORTS_CORE_2                          0                          NaN 
SCHED_FAILED_NO_MEM_REQ_SLOTS_CORE_2                            0                          NaN 
SCHED_FAILED_NO_AVAILABLE_SIMD_UNIT_CORE_2                      0                          NaN 
SCHED_FAILED_FENCE_ACTIVE_CORE_2                                0                          NaN 
SCHED_FAILED_MEM_MANAGEMENT_CORE_2                              0                          NaN 
                                                                0                           100%

NUM_SAMPLES_CORE_3                                              0                             0

NUM_ACTIVE_BLOCKS_CORE_3                                        0                           NaN

NUM_ACTIVE_THREADS_CORE_3                                       0                           NaN

NUM_SCHED_IDLE_CYCLE_CORE_3                                     0                             0

NUM_NO_SCHED_CYCLE_CORE_3                                       0                             0

CORE_DISPATCHED_INST_CORE_3                                     0                             0

CORE_DISPATCH_WAIT_CORE_3                                       0                           NaN

CORE_CYCLES_CORE_3                                              0                             0

CORE_SCHED_THREADS_CORE_3                                       0                           NaN

CORE_NUM_NO_FETCH_CYCLES_CORE_3                                 0                             0

CORE_NUM_NO_FETCH_CYCLES_WITH_READY_THREADS_CORE_3                   0                             0

CORE_NUM_FETCH_CYCLES_CORE_3                                    0                             0

CORE_FETCH_DELTA_CORE_3                                         0                           NaN

CORE_NUM_RETIRE_CYCLES_CORE_3                                   0                             0

CORE_RETIRE_DELTA_CORE_3                                        0                           NaN

FENCE_PREF_REQ_CORE_3                                           0                             0

FENCE_WAITING_CORE_3                                            0                             0

DYN_FENCE_NUM_CORE_3                                            0                             0

WB_ORDERING_STALL_CORE_3                                        0                             0

WB_FULL_CORE_3                                                  0                             0

FENCE_TOT_CYCLES_CORE_3                                         0                             0

FENCE_EXEC_CYCLES_CORE_3                                        0                             0

STORE_RES_CORE_3                                                0                             0

STORE_NUM_CORE_3                                                0                             0

STORE_WB_FREE_CORE_3                                            0                             0

SCHED_FAILED_REASON_SUCCESS_CORE_3                              0                          NaN 
SCHED_FAILED_OPERANDS_NOT_READY_CORE_3                          0                          NaN 
SCHED_FAILED_NO_AVAILABLE_PORTS_CORE_3                          0                          NaN 
SCHED_FAILED_NO_MEM_REQ_SLOTS_CORE_3                            0                          NaN 
SCHED_FAILED_NO_AVAILABLE_SIMD_UNIT_CORE_3                      0                          NaN 
SCHED_FAILED_FENCE_ACTIVE_CORE_3                                0                          NaN 
SCHED_FAILED_MEM_MANAGEMENT_CORE_3                              0                          NaN 
                                                                0                           100%

